# JRE version: OpenJDK Runtime Environment (21.0.6) (build 21.0.6+-13391695-b895.109)
# Java VM: OpenJDK 64-Bit Server VM (21.0.6+-13391695-b895.109, mixed mode, tiered, compressed oops, compressed class ptrs, g1 gc, windows-amd64)
GC Precious Log:
 CardTable entry size: 512
 Card Set container configuration: InlinePtr #cards 5 size 8 Array Of Cards #cards 12 size 40 Howl #buckets 4 coarsen threshold 1843 Howl Bitmap #cards 512 size 80 coarsen threshold 460 Card regions per heap region 1 cards per card region 2048
 CPUs: 8 total, 8 available
 Memory: 13968M
 Large Page Support: Disabled
 NUMA Support: Disabled
 Compressed Oops: Enabled (32-bit)
 Heap Region Size: 1M
 Heap Min Capacity: 8M
 Heap Initial Capacity: 220M
 Heap Max Capacity: 2G
 Pre-touch: Disabled
 Parallel Workers: 8
 Concurrent Workers: 2
 Concurrent Refinement Workers: 8
 Periodic GC: Disabled
Heap:
 garbage-first heap   total 468992K, used 433611K [0x0000000080000000, 0x0000000100000000)
  region size 1024K, 150 young (153600K), 19 survivors (19456K)
 Metaspace       used 216675K, committed 219840K, reserved 1245184K
  class space    used 27451K, committed 29056K, reserved 1048576K
GC Heap History (20 events):
Event: 264.529 GC heap after
{Heap after GC invocations=64 (full 0):
 garbage-first heap   total 434176K, used 260886K [0x0000000080000000, 0x0000000100000000)
  region size 1024K, 12 young (12288K), 12 survivors (12288K)
 Metaspace       used 199262K, committed 202112K, reserved 1245184K
  class space    used 25533K, committed 26944K, reserved 1048576K
}
Event: 264.887 GC heap before
{Heap before GC invocations=64 (full 0):
 garbage-first heap   total 434176K, used 399126K [0x0000000080000000, 0x0000000100000000)
  region size 1024K, 146 young (149504K), 12 survivors (12288K)
 Metaspace       used 199896K, committed 202816K, reserved 1245184K
  class space    used 25647K, committed 27072K, reserved 1048576K
}
Event: 264.894 GC heap after
{Heap after GC invocations=65 (full 0):
 garbage-first heap   total 434176K, used 226304K [0x0000000080000000, 0x0000000100000000)
  region size 1024K, 7 young (7168K), 7 survivors (7168K)
 Metaspace       used 199896K, committed 202816K, reserved 1245184K
  class space    used 25647K, committed 27072K, reserved 1048576K
}
Event: 265.533 GC heap before
{Heap before GC invocations=65 (full 0):
 garbage-first heap   total 434176K, used 406528K [0x0000000080000000, 0x0000000100000000)
  region size 1024K, 181 young (185344K), 7 survivors (7168K)
 Metaspace       used 200447K, committed 203392K, reserved 1245184K
  class space    used 25680K, committed 27136K, reserved 1048576K
}
Event: 265.538 GC heap after
{Heap after GC invocations=66 (full 0):
 garbage-first heap   total 434176K, used 224948K [0x0000000080000000, 0x0000000100000000)
  region size 1024K, 9 young (9216K), 9 survivors (9216K)
 Metaspace       used 200447K, committed 203392K, reserved 1245184K
  class space    used 25680K, committed 27136K, reserved 1048576K
}
Event: 266.040 GC heap before
{Heap before GC invocations=66 (full 0):
 garbage-first heap   total 434176K, used 351924K [0x0000000080000000, 0x0000000100000000)
  region size 1024K, 134 young (137216K), 9 survivors (9216K)
 Metaspace       used 202700K, committed 205632K, reserved 1245184K
  class space    used 25908K, committed 27392K, reserved 1048576K
}
Event: 266.045 GC heap after
{Heap after GC invocations=67 (full 0):
 garbage-first heap   total 434176K, used 220894K [0x0000000080000000, 0x0000000100000000)
  region size 1024K, 7 young (7168K), 7 survivors (7168K)
 Metaspace       used 202700K, committed 205632K, reserved 1245184K
  class space    used 25908K, committed 27392K, reserved 1048576K
}
Event: 268.608 GC heap before
{Heap before GC invocations=68 (full 0):
 garbage-first heap   total 434176K, used 407262K [0x0000000080000000, 0x0000000100000000)
  region size 1024K, 185 young (189440K), 7 survivors (7168K)
 Metaspace       used 205597K, committed 208576K, reserved 1245184K
  class space    used 26153K, committed 27648K, reserved 1048576K
}
Event: 268.614 GC heap after
{Heap after GC invocations=69 (full 0):
 garbage-first heap   total 434176K, used 225383K [0x0000000080000000, 0x0000000100000000)
  region size 1024K, 11 young (11264K), 11 survivors (11264K)
 Metaspace       used 205597K, committed 208576K, reserved 1245184K
  class space    used 26153K, committed 27648K, reserved 1048576K
}
Event: 269.431 GC heap before
{Heap before GC invocations=69 (full 0):
 garbage-first heap   total 434176K, used 398439K [0x0000000080000000, 0x0000000100000000)
  region size 1024K, 181 young (185344K), 11 survivors (11264K)
 Metaspace       used 206030K, committed 208960K, reserved 1245184K
  class space    used 26206K, committed 27712K, reserved 1048576K
}
Event: 269.441 GC heap after
{Heap after GC invocations=70 (full 0):
 garbage-first heap   total 434176K, used 220656K [0x0000000080000000, 0x0000000100000000)
  region size 1024K, 13 young (13312K), 13 survivors (13312K)
 Metaspace       used 206030K, committed 208960K, reserved 1245184K
  class space    used 26206K, committed 27712K, reserved 1048576K
}
Event: 275.050 GC heap before
{Heap before GC invocations=70 (full 0):
 garbage-first heap   total 434176K, used 396784K [0x0000000080000000, 0x0000000100000000)
  region size 1024K, 186 young (190464K), 13 survivors (13312K)
 Metaspace       used 206567K, committed 209600K, reserved 1245184K
  class space    used 26249K, committed 27776K, reserved 1048576K
}
Event: 275.071 GC heap after
{Heap after GC invocations=71 (full 0):
 garbage-first heap   total 434176K, used 223857K [0x0000000080000000, 0x0000000100000000)
  region size 1024K, 16 young (16384K), 16 survivors (16384K)
 Metaspace       used 206567K, committed 209600K, reserved 1245184K
  class space    used 26249K, committed 27776K, reserved 1048576K
}
Event: 322.541 GC heap before
{Heap before GC invocations=72 (full 0):
 garbage-first heap   total 434176K, used 393841K [0x0000000080000000, 0x0000000100000000)
  region size 1024K, 183 young (187392K), 16 survivors (16384K)
 Metaspace       used 210346K, committed 213440K, reserved 1245184K
  class space    used 26679K, committed 28224K, reserved 1048576K
}
Event: 322.554 GC heap after
{Heap after GC invocations=73 (full 0):
 garbage-first heap   total 434176K, used 235350K [0x0000000080000000, 0x0000000100000000)
  region size 1024K, 23 young (23552K), 23 survivors (23552K)
 Metaspace       used 210346K, committed 213440K, reserved 1245184K
  class space    used 26679K, committed 28224K, reserved 1048576K
}
Event: 327.847 GC heap before
{Heap before GC invocations=73 (full 0):
 garbage-first heap   total 434176K, used 387926K [0x0000000080000000, 0x0000000100000000)
  region size 1024K, 172 young (176128K), 23 survivors (23552K)
 Metaspace       used 212325K, committed 215488K, reserved 1245184K
  class space    used 26934K, committed 28544K, reserved 1048576K
}
Event: 327.862 GC heap after
{Heap after GC invocations=74 (full 0):
 garbage-first heap   total 434176K, used 243649K [0x0000000080000000, 0x0000000100000000)
  region size 1024K, 13 young (13312K), 13 survivors (13312K)
 Metaspace       used 212325K, committed 215488K, reserved 1245184K
  class space    used 26934K, committed 28544K, reserved 1048576K
}
Event: 330.074 GC heap before
{Heap before GC invocations=74 (full 0):
 garbage-first heap   total 434176K, used 397249K [0x0000000080000000, 0x0000000100000000)
  region size 1024K, 164 young (167936K), 13 survivors (13312K)
 Metaspace       used 215831K, committed 219008K, reserved 1245184K
  class space    used 27387K, committed 28992K, reserved 1048576K
}
Event: 330.085 GC heap after
{Heap after GC invocations=75 (full 0):
 garbage-first heap   total 434176K, used 257483K [0x0000000080000000, 0x0000000100000000)
  region size 1024K, 14 young (14336K), 14 survivors (14336K)
 Metaspace       used 215831K, committed 219008K, reserved 1245184K
  class space    used 27387K, committed 28992K, reserved 1048576K
}
Event: 331.697 GC heap before
{Heap before GC invocations=76 (full 0):
 garbage-first heap   total 434176K, used 433611K [0x0000000080000000, 0x0000000100000000)
  region size 1024K, 145 young (148480K), 14 survivors (14336K)
 Metaspace       used 216675K, committed 219840K, reserved 1245184K
  class space    used 27451K, committed 29056K, reserved 1048576K
}

