# JRE version: OpenJDK Runtime Environment (21.0.6) (build 21.0.6+-13368085-b895.109)
# Java VM: OpenJDK 64-Bit Server VM (21.0.6+-13368085-b895.109, mixed mode, tiered, compressed oops, compressed class ptrs, g1 gc, windows-amd64)
GC Precious Log:
 CardTable entry size: 512
 Card Set container configuration: InlinePtr #cards 5 size 8 Array Of Cards #cards 12 size 40 Howl #buckets 4 coarsen threshold 1843 Howl Bitmap #cards 512 size 80 coarsen threshold 460 Card regions per heap region 1 cards per card region 2048
 CPUs: 8 total, 8 available
 Memory: 13968M
 Large Page Support: Disabled
 NUMA Support: Disabled
 Compressed Oops: Enabled (32-bit)
 Heap Region Size: 1M
 Heap Min Capacity: 8M
 Heap Initial Capacity: 220M
 Heap Max Capacity: 2G
 Pre-touch: Disabled
 Parallel Workers: 8
 Concurrent Workers: 2
 Concurrent Refinement Workers: 8
 Periodic GC: Disabled
Heap:
 garbage-first heap   total 211968K, used 172848K [0x0000000080000000, 0x0000000100000000)
  region size 1024K, 45 young (46080K), 4 survivors (4096K)
 Metaspace       used 101761K, committed 103872K, reserved 1179648K
  class space    used 13884K, committed 14912K, reserved 1048576K
GC Heap History (20 events):
Event: 6.346 GC heap before
{Heap before GC invocations=24 (full 0):
 garbage-first heap   total 169984K, used 135166K [0x0000000080000000, 0x0000000100000000)
  region size 1024K, 59 young (60416K), 5 survivors (5120K)
 Metaspace       used 72771K, committed 74624K, reserved 1114112K
  class space    used 9915K, committed 10816K, reserved 1048576K
}
Event: 6.351 GC heap after
{Heap after GC invocations=25 (full 0):
 garbage-first heap   total 169984K, used 85568K [0x0000000080000000, 0x0000000100000000)
  region size 1024K, 8 young (8192K), 8 survivors (8192K)
 Metaspace       used 72771K, committed 74624K, reserved 1114112K
  class space    used 9915K, committed 10816K, reserved 1048576K
}
Event: 6.563 GC heap before
{Heap before GC invocations=26 (full 0):
 garbage-first heap   total 169984K, used 139840K [0x0000000080000000, 0x0000000100000000)
  region size 1024K, 62 young (63488K), 8 survivors (8192K)
 Metaspace       used 73093K, committed 74944K, reserved 1114112K
  class space    used 9915K, committed 10816K, reserved 1048576K
}
Event: 6.567 GC heap after
{Heap after GC invocations=27 (full 0):
 garbage-first heap   total 169984K, used 87951K [0x0000000080000000, 0x0000000100000000)
  region size 1024K, 5 young (5120K), 5 survivors (5120K)
 Metaspace       used 73093K, committed 74944K, reserved 1114112K
  class space    used 9915K, committed 10816K, reserved 1048576K
}
Event: 6.706 GC heap before
{Heap before GC invocations=27 (full 0):
 garbage-first heap   total 169984K, used 142223K [0x0000000080000000, 0x0000000100000000)
  region size 1024K, 59 young (60416K), 5 survivors (5120K)
 Metaspace       used 73170K, committed 75008K, reserved 1114112K
  class space    used 9916K, committed 10816K, reserved 1048576K
}
Event: 6.709 GC heap after
{Heap after GC invocations=28 (full 0):
 garbage-first heap   total 169984K, used 87329K [0x0000000080000000, 0x0000000100000000)
  region size 1024K, 5 young (5120K), 5 survivors (5120K)
 Metaspace       used 73170K, committed 75008K, reserved 1114112K
  class space    used 9916K, committed 10816K, reserved 1048576K
}
Event: 6.812 GC heap before
{Heap before GC invocations=28 (full 0):
 garbage-first heap   total 169984K, used 116001K [0x0000000080000000, 0x0000000100000000)
  region size 1024K, 35 young (35840K), 5 survivors (5120K)
 Metaspace       used 73307K, committed 75072K, reserved 1114112K
  class space    used 9936K, committed 10816K, reserved 1048576K
}
Event: 6.814 GC heap after
{Heap after GC invocations=29 (full 0):
 garbage-first heap   total 169984K, used 88680K [0x0000000080000000, 0x0000000100000000)
  region size 1024K, 5 young (5120K), 5 survivors (5120K)
 Metaspace       used 73307K, committed 75072K, reserved 1114112K
  class space    used 9936K, committed 10816K, reserved 1048576K
}
Event: 7.355 GC heap before
{Heap before GC invocations=30 (full 0):
 garbage-first heap   total 169984K, used 155240K [0x0000000080000000, 0x0000000100000000)
  region size 1024K, 64 young (65536K), 5 survivors (5120K)
 Metaspace       used 77871K, committed 79680K, reserved 1179648K
  class space    used 10436K, committed 11328K, reserved 1048576K
}
Event: 7.361 GC heap after
{Heap after GC invocations=31 (full 0):
 garbage-first heap   total 169984K, used 101309K [0x0000000080000000, 0x0000000100000000)
  region size 1024K, 8 young (8192K), 8 survivors (8192K)
 Metaspace       used 77871K, committed 79680K, reserved 1179648K
  class space    used 10436K, committed 11328K, reserved 1048576K
}
Event: 7.738 GC heap before
{Heap before GC invocations=31 (full 0):
 garbage-first heap   total 169984K, used 156605K [0x0000000080000000, 0x0000000100000000)
  region size 1024K, 58 young (59392K), 8 survivors (8192K)
 Metaspace       used 82732K, committed 84672K, reserved 1179648K
  class space    used 11120K, committed 12096K, reserved 1048576K
}
Event: 7.744 GC heap after
{Heap after GC invocations=32 (full 0):
 garbage-first heap   total 176128K, used 111826K [0x0000000080000000, 0x0000000100000000)
  region size 1024K, 8 young (8192K), 8 survivors (8192K)
 Metaspace       used 82732K, committed 84672K, reserved 1179648K
  class space    used 11120K, committed 12096K, reserved 1048576K
}
Event: 7.756 GC heap before
{Heap before GC invocations=32 (full 0):
 garbage-first heap   total 176128K, used 111826K [0x0000000080000000, 0x0000000100000000)
  region size 1024K, 9 young (9216K), 8 survivors (8192K)
 Metaspace       used 82735K, committed 84672K, reserved 1179648K
  class space    used 11120K, committed 12096K, reserved 1048576K
}
Event: 7.759 GC heap after
{Heap after GC invocations=33 (full 0):
 garbage-first heap   total 211968K, used 108262K [0x0000000080000000, 0x0000000100000000)
  region size 1024K, 2 young (2048K), 2 survivors (2048K)
 Metaspace       used 82735K, committed 84672K, reserved 1179648K
  class space    used 11120K, committed 12096K, reserved 1048576K
}
Event: 8.337 GC heap before
{Heap before GC invocations=34 (full 0):
 garbage-first heap   total 211968K, used 169702K [0x0000000080000000, 0x0000000100000000)
  region size 1024K, 62 young (63488K), 2 survivors (2048K)
 Metaspace       used 87268K, committed 89216K, reserved 1179648K
  class space    used 11725K, committed 12736K, reserved 1048576K
}
Event: 8.340 GC heap after
{Heap after GC invocations=35 (full 0):
 garbage-first heap   total 211968K, used 110018K [0x0000000080000000, 0x0000000100000000)
  region size 1024K, 4 young (4096K), 4 survivors (4096K)
 Metaspace       used 87268K, committed 89216K, reserved 1179648K
  class space    used 11725K, committed 12736K, reserved 1048576K
}
Event: 8.827 GC heap before
{Heap before GC invocations=35 (full 0):
 garbage-first heap   total 211968K, used 178626K [0x0000000080000000, 0x0000000100000000)
  region size 1024K, 70 young (71680K), 4 survivors (4096K)
 Metaspace       used 91402K, committed 93440K, reserved 1179648K
  class space    used 12263K, committed 13248K, reserved 1048576K
}
Event: 8.832 GC heap after
{Heap after GC invocations=36 (full 0):
 garbage-first heap   total 211968K, used 115382K [0x0000000080000000, 0x0000000100000000)
  region size 1024K, 9 young (9216K), 9 survivors (9216K)
 Metaspace       used 91402K, committed 93440K, reserved 1179648K
  class space    used 12263K, committed 13248K, reserved 1048576K
}
Event: 9.389 GC heap before
{Heap before GC invocations=36 (full 0):
 garbage-first heap   total 211968K, used 181942K [0x0000000080000000, 0x0000000100000000)
  region size 1024K, 74 young (75776K), 9 survivors (9216K)
 Metaspace       used 96629K, committed 98624K, reserved 1179648K
  class space    used 13146K, committed 14144K, reserved 1048576K
}
Event: 9.395 GC heap after
{Heap after GC invocations=37 (full 0):
 garbage-first heap   total 211968K, used 117552K [0x0000000080000000, 0x0000000100000000)
  region size 1024K, 4 young (4096K), 4 survivors (4096K)
 Metaspace       used 96629K, committed 98624K, reserved 1179648K
  class space    used 13146K, committed 14144K, reserved 1048576K
}

