# JRE version: OpenJDK Runtime Environment (21.0.6) (build 21.0.6+-13368085-b895.109)
# Java VM: OpenJDK 64-Bit Server VM (21.0.6+-13368085-b895.109, mixed mode, tiered, compressed oops, compressed class ptrs, g1 gc, windows-amd64)
GC Precious Log:
 CardTable entry size: 512
 Card Set container configuration: InlinePtr #cards 5 size 8 Array Of Cards #cards 12 size 40 Howl #buckets 4 coarsen threshold 1843 Howl Bitmap #cards 512 size 80 coarsen threshold 460 Card regions per heap region 1 cards per card region 2048
 CPUs: 8 total, 8 available
 Memory: 13968M
 Large Page Support: Disabled
 NUMA Support: Disabled
 Compressed Oops: Enabled (32-bit)
 Heap Region Size: 1M
 Heap Min Capacity: 8M
 Heap Initial Capacity: 220M
 Heap Max Capacity: 2G
 Pre-touch: Disabled
 Parallel Workers: 8
 Concurrent Workers: 2
 Concurrent Refinement Workers: 8
 Periodic GC: Disabled
Heap:
 garbage-first heap   total 252928K, used 191832K [0x0000000080000000, 0x0000000100000000)
  region size 1024K, 42 young (43008K), 6 survivors (6144K)
 Metaspace       used 118045K, committed 120384K, reserved 1179648K
  class space    used 15815K, committed 16960K, reserved 1048576K
GC Heap History (20 events):
Event: 8.852 GC heap before
{Heap before GC invocations=35 (full 0):
 garbage-first heap   total 186368K, used 170867K [0x0000000080000000, 0x0000000100000000)
  region size 1024K, 60 young (61440K), 6 survivors (6144K)
 Metaspace       used 94077K, committed 96128K, reserved 1179648K
  class space    used 12776K, committed 13824K, reserved 1048576K
}
Event: 8.860 GC heap after
{Heap after GC invocations=36 (full 0):
 garbage-first heap   total 186368K, used 115939K [0x0000000080000000, 0x0000000100000000)
  region size 1024K, 6 young (6144K), 6 survivors (6144K)
 Metaspace       used 94077K, committed 96128K, reserved 1179648K
  class space    used 12776K, committed 13824K, reserved 1048576K
}
Event: 9.274 GC heap before
{Heap before GC invocations=36 (full 0):
 garbage-first heap   total 186368K, used 157923K [0x0000000080000000, 0x0000000100000000)
  region size 1024K, 48 young (49152K), 6 survivors (6144K)
 Metaspace       used 97552K, committed 99712K, reserved 1179648K
  class space    used 13294K, committed 14400K, reserved 1048576K
}
Event: 9.278 GC heap after
{Heap after GC invocations=37 (full 0):
 garbage-first heap   total 186368K, used 118526K [0x0000000080000000, 0x0000000100000000)
  region size 1024K, 5 young (5120K), 5 survivors (5120K)
 Metaspace       used 97552K, committed 99712K, reserved 1179648K
  class space    used 13294K, committed 14400K, reserved 1048576K
}
Event: 9.723 GC heap before
{Heap before GC invocations=38 (full 0):
 garbage-first heap   total 203776K, used 184062K [0x0000000080000000, 0x0000000100000000)
  region size 1024K, 54 young (55296K), 5 survivors (5120K)
 Metaspace       used 102462K, committed 104704K, reserved 1179648K
  class space    used 13998K, committed 15104K, reserved 1048576K
}
Event: 9.728 GC heap after
{Heap after GC invocations=39 (full 0):
 garbage-first heap   total 203776K, used 141764K [0x0000000080000000, 0x0000000100000000)
  region size 1024K, 7 young (7168K), 7 survivors (7168K)
 Metaspace       used 102462K, committed 104704K, reserved 1179648K
  class space    used 13998K, committed 15104K, reserved 1048576K
}
Event: 9.915 GC heap before
{Heap before GC invocations=39 (full 0):
 garbage-first heap   total 203776K, used 184772K [0x0000000080000000, 0x0000000100000000)
  region size 1024K, 49 young (50176K), 7 survivors (7168K)
 Metaspace       used 102464K, committed 104704K, reserved 1179648K
  class space    used 13998K, committed 15104K, reserved 1048576K
}
Event: 9.920 GC heap after
{Heap after GC invocations=40 (full 0):
 garbage-first heap   total 203776K, used 142605K [0x0000000080000000, 0x0000000100000000)
  region size 1024K, 4 young (4096K), 4 survivors (4096K)
 Metaspace       used 102464K, committed 104704K, reserved 1179648K
  class space    used 13998K, committed 15104K, reserved 1048576K
}
Event: 10.095 GC heap before
{Heap before GC invocations=40 (full 0):
 garbage-first heap   total 203776K, used 187661K [0x0000000080000000, 0x0000000100000000)
  region size 1024K, 48 young (49152K), 4 survivors (4096K)
 Metaspace       used 102464K, committed 104704K, reserved 1179648K
  class space    used 13998K, committed 15104K, reserved 1048576K
}
Event: 10.227 GC heap after
{Heap after GC invocations=41 (full 0):
 garbage-first heap   total 244736K, used 143851K [0x0000000080000000, 0x0000000100000000)
  region size 1024K, 5 young (5120K), 5 survivors (5120K)
 Metaspace       used 102464K, committed 104704K, reserved 1179648K
  class space    used 13998K, committed 15104K, reserved 1048576K
}
Event: 10.622 GC heap before
{Heap before GC invocations=42 (full 0):
 garbage-first heap   total 244736K, used 219627K [0x0000000080000000, 0x0000000100000000)
  region size 1024K, 79 young (80896K), 5 survivors (5120K)
 Metaspace       used 102464K, committed 104704K, reserved 1179648K
  class space    used 13998K, committed 15104K, reserved 1048576K
}
Event: 10.627 GC heap after
{Heap after GC invocations=43 (full 0):
 garbage-first heap   total 244736K, used 145479K [0x0000000080000000, 0x0000000100000000)
  region size 1024K, 7 young (7168K), 7 survivors (7168K)
 Metaspace       used 102464K, committed 104704K, reserved 1179648K
  class space    used 13998K, committed 15104K, reserved 1048576K
}
Event: 10.881 GC heap before
{Heap before GC invocations=43 (full 0):
 garbage-first heap   total 244736K, used 223303K [0x0000000080000000, 0x0000000100000000)
  region size 1024K, 83 young (84992K), 7 survivors (7168K)
 Metaspace       used 102464K, committed 104704K, reserved 1179648K
  class space    used 13998K, committed 15104K, reserved 1048576K
}
Event: 10.886 GC heap after
{Heap after GC invocations=44 (full 0):
 garbage-first heap   total 244736K, used 146557K [0x0000000080000000, 0x0000000100000000)
  region size 1024K, 8 young (8192K), 8 survivors (8192K)
 Metaspace       used 102464K, committed 104704K, reserved 1179648K
  class space    used 13998K, committed 15104K, reserved 1048576K
}
Event: 11.232 GC heap before
{Heap before GC invocations=44 (full 0):
 garbage-first heap   total 244736K, used 221309K [0x0000000080000000, 0x0000000100000000)
  region size 1024K, 82 young (83968K), 8 survivors (8192K)
 Metaspace       used 103663K, committed 105920K, reserved 1179648K
  class space    used 14147K, committed 15296K, reserved 1048576K
}
Event: 11.237 GC heap after
{Heap after GC invocations=45 (full 0):
 garbage-first heap   total 244736K, used 147038K [0x0000000080000000, 0x0000000100000000)
  region size 1024K, 8 young (8192K), 8 survivors (8192K)
 Metaspace       used 103663K, committed 105920K, reserved 1179648K
  class space    used 14147K, committed 15296K, reserved 1048576K
}
Event: 11.399 GC heap before
{Heap before GC invocations=45 (full 0):
 garbage-first heap   total 244736K, used 164446K [0x0000000080000000, 0x0000000100000000)
  region size 1024K, 27 young (27648K), 8 survivors (8192K)
 Metaspace       used 105904K, committed 108224K, reserved 1179648K
  class space    used 14412K, committed 15552K, reserved 1048576K
}
Event: 11.405 GC heap after
{Heap after GC invocations=46 (full 0):
 garbage-first heap   total 244736K, used 149095K [0x0000000080000000, 0x0000000100000000)
  region size 1024K, 7 young (7168K), 7 survivors (7168K)
 Metaspace       used 105904K, committed 108224K, reserved 1179648K
  class space    used 14412K, committed 15552K, reserved 1048576K
}
Event: 12.178 GC heap before
{Heap before GC invocations=47 (full 0):
 garbage-first heap   total 252928K, used 224871K [0x0000000080000000, 0x0000000100000000)
  region size 1024K, 80 young (81920K), 7 survivors (7168K)
 Metaspace       used 114258K, committed 116544K, reserved 1179648K
  class space    used 15504K, committed 16640K, reserved 1048576K
}
Event: 12.184 GC heap after
{Heap after GC invocations=48 (full 0):
 garbage-first heap   total 252928K, used 151896K [0x0000000080000000, 0x0000000100000000)
  region size 1024K, 6 young (6144K), 6 survivors (6144K)
 Metaspace       used 114258K, committed 116544K, reserved 1179648K
  class space    used 15504K, committed 16640K, reserved 1048576K
}

