# JRE version: OpenJDK Runtime Environment (21.0.6) (build 21.0.6+-13368085-b895.109)
# Java VM: OpenJDK 64-Bit Server VM (21.0.6+-13368085-b895.109, mixed mode, tiered, compressed oops, compressed class ptrs, g1 gc, windows-amd64)
GC Precious Log:
 CardTable entry size: 512
 Card Set container configuration: InlinePtr #cards 5 size 8 Array Of Cards #cards 12 size 40 Howl #buckets 4 coarsen threshold 1843 Howl Bitmap #cards 512 size 80 coarsen threshold 460 Card regions per heap region 1 cards per card region 2048
 CPUs: 8 total, 8 available
 Memory: 13968M
 Large Page Support: Disabled
 NUMA Support: Disabled
 Compressed Oops: Enabled (32-bit)
 Heap Region Size: 1M
 Heap Min Capacity: 8M
 Heap Initial Capacity: 220M
 Heap Max Capacity: 2G
 Pre-touch: Disabled
 Parallel Workers: 8
 Concurrent Workers: 2
 Concurrent Refinement Workers: 8
 Periodic GC: Disabled
Heap:
 garbage-first heap   total 244736K, used 171398K [0x0000000080000000, 0x0000000100000000)
  region size 1024K, 8 young (8192K), 8 survivors (8192K)
 Metaspace       used 122960K, committed 125184K, reserved 1179648K
  class space    used 17026K, committed 18112K, reserved 1048576K
GC Heap History (20 events):
Event: 15.018 GC heap after
{Heap after GC invocations=49 (full 0):
 garbage-first heap   total 167936K, used 97277K [0x0000000080000000, 0x0000000100000000)
  region size 1024K, 3 young (3072K), 3 survivors (3072K)
 Metaspace       used 108914K, committed 111040K, reserved 1179648K
  class space    used 14821K, committed 15872K, reserved 1048576K
}
Event: 15.119 GC heap before
{Heap before GC invocations=49 (full 0):
 garbage-first heap   total 167936K, used 153597K [0x0000000080000000, 0x0000000100000000)
  region size 1024K, 59 young (60416K), 3 survivors (3072K)
 Metaspace       used 108919K, committed 111040K, reserved 1179648K
  class space    used 14821K, committed 15872K, reserved 1048576K
}
Event: 15.121 GC heap after
{Heap after GC invocations=50 (full 0):
 garbage-first heap   total 201728K, used 97810K [0x0000000080000000, 0x0000000100000000)
  region size 1024K, 3 young (3072K), 3 survivors (3072K)
 Metaspace       used 108919K, committed 111040K, reserved 1179648K
  class space    used 14821K, committed 15872K, reserved 1048576K
}
Event: 15.383 GC heap before
{Heap before GC invocations=51 (full 0):
 garbage-first heap   total 201728K, used 185874K [0x0000000080000000, 0x0000000100000000)
  region size 1024K, 90 young (92160K), 3 survivors (3072K)
 Metaspace       used 108951K, committed 111104K, reserved 1179648K
  class space    used 14821K, committed 15872K, reserved 1048576K
}
Event: 15.385 GC heap after
{Heap after GC invocations=52 (full 0):
 garbage-first heap   total 201728K, used 97931K [0x0000000080000000, 0x0000000100000000)
  region size 1024K, 3 young (3072K), 3 survivors (3072K)
 Metaspace       used 108951K, committed 111104K, reserved 1179648K
  class space    used 14821K, committed 15872K, reserved 1048576K
}
Event: 15.659 GC heap before
{Heap before GC invocations=52 (full 0):
 garbage-first heap   total 201728K, used 185995K [0x0000000080000000, 0x0000000100000000)
  region size 1024K, 90 young (92160K), 3 survivors (3072K)
 Metaspace       used 109782K, committed 111936K, reserved 1179648K
  class space    used 14936K, committed 16000K, reserved 1048576K
}
Event: 15.662 GC heap after
{Heap after GC invocations=53 (full 0):
 garbage-first heap   total 201728K, used 104917K [0x0000000080000000, 0x0000000100000000)
  region size 1024K, 11 young (11264K), 11 survivors (11264K)
 Metaspace       used 109782K, committed 111936K, reserved 1179648K
  class space    used 14936K, committed 16000K, reserved 1048576K
}
Event: 16.107 GC heap before
{Heap before GC invocations=53 (full 0):
 garbage-first heap   total 201728K, used 177621K [0x0000000080000000, 0x0000000100000000)
  region size 1024K, 83 young (84992K), 11 survivors (11264K)
 Metaspace       used 114141K, committed 116352K, reserved 1179648K
  class space    used 15591K, committed 16704K, reserved 1048576K
}
Event: 16.113 GC heap after
{Heap after GC invocations=54 (full 0):
 garbage-first heap   total 201728K, used 113504K [0x0000000080000000, 0x0000000100000000)
  region size 1024K, 9 young (9216K), 9 survivors (9216K)
 Metaspace       used 114141K, committed 116352K, reserved 1179648K
  class space    used 15591K, committed 16704K, reserved 1048576K
}
Event: 16.301 GC heap before
{Heap before GC invocations=55 (full 0):
 garbage-first heap   total 201728K, used 180064K [0x0000000080000000, 0x0000000100000000)
  region size 1024K, 75 young (76800K), 9 survivors (9216K)
 Metaspace       used 115041K, committed 117248K, reserved 1179648K
  class space    used 15736K, committed 16832K, reserved 1048576K
}
Event: 16.312 GC heap after
{Heap after GC invocations=56 (full 0):
 garbage-first heap   total 204800K, used 127938K [0x0000000080000000, 0x0000000100000000)
  region size 1024K, 10 young (10240K), 10 survivors (10240K)
 Metaspace       used 115041K, committed 117248K, reserved 1179648K
  class space    used 15736K, committed 16832K, reserved 1048576K
}
Event: 16.542 GC heap before
{Heap before GC invocations=56 (full 0):
 garbage-first heap   total 204800K, used 182210K [0x0000000080000000, 0x0000000100000000)
  region size 1024K, 64 young (65536K), 10 survivors (10240K)
 Metaspace       used 117357K, committed 119552K, reserved 1179648K
  class space    used 16105K, committed 17216K, reserved 1048576K
}
Event: 16.552 GC heap after
{Heap after GC invocations=57 (full 0):
 garbage-first heap   total 204800K, used 136192K [0x0000000080000000, 0x0000000100000000)
  region size 1024K, 8 young (8192K), 8 survivors (8192K)
 Metaspace       used 117357K, committed 119552K, reserved 1179648K
  class space    used 16105K, committed 17216K, reserved 1048576K
}
Event: 16.640 GC heap before
{Heap before GC invocations=57 (full 0):
 garbage-first heap   total 204800K, used 184320K [0x0000000080000000, 0x0000000100000000)
  region size 1024K, 56 young (57344K), 8 survivors (8192K)
 Metaspace       used 118122K, committed 120384K, reserved 1179648K
  class space    used 16212K, committed 17344K, reserved 1048576K
}
Event: 16.649 GC heap after
{Heap after GC invocations=58 (full 0):
 garbage-first heap   total 204800K, used 146276K [0x0000000080000000, 0x0000000100000000)
  region size 1024K, 7 young (7168K), 7 survivors (7168K)
 Metaspace       used 118122K, committed 120384K, reserved 1179648K
  class space    used 16212K, committed 17344K, reserved 1048576K
}
Event: 16.874 GC heap before
{Heap before GC invocations=59 (full 0):
 garbage-first heap   total 244736K, used 183140K [0x0000000080000000, 0x0000000100000000)
  region size 1024K, 44 young (45056K), 7 survivors (7168K)
 Metaspace       used 120054K, committed 122304K, reserved 1179648K
  class space    used 16542K, committed 17664K, reserved 1048576K
}
Event: 16.881 GC heap after
{Heap after GC invocations=60 (full 0):
 garbage-first heap   total 244736K, used 153855K [0x0000000080000000, 0x0000000100000000)
  region size 1024K, 6 young (6144K), 6 survivors (6144K)
 Metaspace       used 120054K, committed 122304K, reserved 1179648K
  class space    used 16542K, committed 17664K, reserved 1048576K
}
Event: 16.985 GC heap before
{Heap before GC invocations=60 (full 0):
 garbage-first heap   total 244736K, used 215295K [0x0000000080000000, 0x0000000100000000)
  region size 1024K, 66 young (67584K), 6 survivors (6144K)
 Metaspace       used 120769K, committed 123008K, reserved 1179648K
  class space    used 16666K, committed 17792K, reserved 1048576K
}
Event: 16.994 GC heap after
{Heap after GC invocations=61 (full 0):
 garbage-first heap   total 244736K, used 162382K [0x0000000080000000, 0x0000000100000000)
  region size 1024K, 9 young (9216K), 9 survivors (9216K)
 Metaspace       used 120769K, committed 123008K, reserved 1179648K
  class space    used 16666K, committed 17792K, reserved 1048576K
}
Event: 17.194 GC heap before
{Heap before GC invocations=61 (full 0):
 garbage-first heap   total 244736K, used 218702K [0x0000000080000000, 0x0000000100000000)
  region size 1024K, 64 young (65536K), 9 survivors (9216K)
 Metaspace       used 122960K, committed 125184K, reserved 1179648K
  class space    used 17026K, committed 18112K, reserved 1048576K
}

