# JRE version: OpenJDK Runtime Environment (21.0.6) (build 21.0.6+-13368085-b895.109)
# Java VM: OpenJDK 64-Bit Server VM (21.0.6+-13368085-b895.109, mixed mode, tiered, compressed oops, compressed class ptrs, g1 gc, windows-amd64)
GC Precious Log:
 CardTable entry size: 512
 Card Set container configuration: InlinePtr #cards 5 size 8 Array Of Cards #cards 12 size 40 Howl #buckets 4 coarsen threshold 1843 Howl Bitmap #cards 512 size 80 coarsen threshold 460 Card regions per heap region 1 cards per card region 2048
 CPUs: 8 total, 8 available
 Memory: 13968M
 Large Page Support: Disabled
 NUMA Support: Disabled
 Compressed Oops: Enabled (32-bit)
 Heap Region Size: 1M
 Heap Min Capacity: 8M
 Heap Initial Capacity: 220M
 Heap Max Capacity: 2G
 Pre-touch: Disabled
 Parallel Workers: 8
 Concurrent Workers: 2
 Concurrent Refinement Workers: 8
 Periodic GC: Disabled
Heap:
 garbage-first heap   total 239616K, used 168936K [0x0000000080000000, 0x0000000100000000)
  region size 1024K, 12 young (12288K), 6 survivors (6144K)
 Metaspace       used 115732K, committed 118144K, reserved 1179648K
  class space    used 15835K, committed 17024K, reserved 1048576K
GC Heap History (20 events):
Event: 11.295 GC heap before
{Heap before GC invocations=38 (full 0):
 garbage-first heap   total 159744K, used 142703K [0x0000000080000000, 0x0000000100000000)
  region size 1024K, 55 young (56320K), 4 survivors (4096K)
 Metaspace       used 103100K, committed 105216K, reserved 1179648K
  class space    used 14232K, committed 15296K, reserved 1048576K
}
Event: 11.298 GC heap after
{Heap after GC invocations=39 (full 0):
 garbage-first heap   total 159744K, used 93343K [0x0000000080000000, 0x0000000100000000)
  region size 1024K, 6 young (6144K), 6 survivors (6144K)
 Metaspace       used 103100K, committed 105216K, reserved 1179648K
  class space    used 14232K, committed 15296K, reserved 1048576K
}
Event: 11.480 GC heap before
{Heap before GC invocations=40 (full 0):
 garbage-first heap   total 159744K, used 141471K [0x0000000080000000, 0x0000000100000000)
  region size 1024K, 54 young (55296K), 6 survivors (6144K)
 Metaspace       used 103151K, committed 105344K, reserved 1179648K
  class space    used 14236K, committed 15296K, reserved 1048576K
}
Event: 11.484 GC heap after
{Heap after GC invocations=41 (full 0):
 garbage-first heap   total 159744K, used 95250K [0x0000000080000000, 0x0000000100000000)
  region size 1024K, 5 young (5120K), 5 survivors (5120K)
 Metaspace       used 103151K, committed 105344K, reserved 1179648K
  class space    used 14236K, committed 15296K, reserved 1048576K
}
Event: 11.677 GC heap before
{Heap before GC invocations=41 (full 0):
 garbage-first heap   total 159744K, used 143378K [0x0000000080000000, 0x0000000100000000)
  region size 1024K, 53 young (54272K), 5 survivors (5120K)
 Metaspace       used 103218K, committed 105344K, reserved 1179648K
  class space    used 14243K, committed 15296K, reserved 1048576K
}
Event: 11.681 GC heap after
{Heap after GC invocations=42 (full 0):
 garbage-first heap   total 159744K, used 95726K [0x0000000080000000, 0x0000000100000000)
  region size 1024K, 4 young (4096K), 4 survivors (4096K)
 Metaspace       used 103218K, committed 105344K, reserved 1179648K
  class space    used 14243K, committed 15296K, reserved 1048576K
}
Event: 400.413 GC heap before
{Heap before GC invocations=42 (full 0):
 garbage-first heap   total 159744K, used 133614K [0x0000000080000000, 0x0000000100000000)
  region size 1024K, 42 young (43008K), 4 survivors (4096K)
 Metaspace       used 105958K, committed 108160K, reserved 1179648K
  class space    used 14585K, committed 15680K, reserved 1048576K
}
Event: 400.416 GC heap after
{Heap after GC invocations=43 (full 0):
 garbage-first heap   total 192512K, used 97072K [0x0000000080000000, 0x0000000100000000)
  region size 1024K, 5 young (5120K), 5 survivors (5120K)
 Metaspace       used 105958K, committed 108160K, reserved 1179648K
  class space    used 14585K, committed 15680K, reserved 1048576K
}
Event: 401.404 GC heap before
{Heap before GC invocations=44 (full 0):
 garbage-first heap   total 192512K, used 191280K [0x0000000080000000, 0x0000000100000000)
  region size 1024K, 65 young (66560K), 5 survivors (5120K)
 Metaspace       used 109748K, committed 112064K, reserved 1179648K
  class space    used 15031K, committed 16192K, reserved 1048576K
}
Event: 401.411 GC heap after
{Heap after GC invocations=45 (full 0):
 garbage-first heap   total 206848K, used 135162K [0x0000000080000000, 0x0000000100000000)
  region size 1024K, 11 young (11264K), 11 survivors (11264K)
 Metaspace       used 109748K, committed 112064K, reserved 1179648K
  class space    used 15031K, committed 16192K, reserved 1048576K
}
Event: 401.784 GC heap before
{Heap before GC invocations=45 (full 0):
 garbage-first heap   total 206848K, used 184314K [0x0000000080000000, 0x0000000100000000)
  region size 1024K, 59 young (60416K), 11 survivors (11264K)
 Metaspace       used 111822K, committed 114176K, reserved 1179648K
  class space    used 15337K, committed 16512K, reserved 1048576K
}
Event: 401.790 GC heap after
{Heap after GC invocations=46 (full 0):
 garbage-first heap   total 206848K, used 138147K [0x0000000080000000, 0x0000000100000000)
  region size 1024K, 4 young (4096K), 4 survivors (4096K)
 Metaspace       used 111822K, committed 114176K, reserved 1179648K
  class space    used 15337K, committed 16512K, reserved 1048576K
}
Event: 401.946 GC heap before
{Heap before GC invocations=46 (full 0):
 garbage-first heap   total 206848K, used 157603K [0x0000000080000000, 0x0000000100000000)
  region size 1024K, 24 young (24576K), 4 survivors (4096K)
 Metaspace       used 112314K, committed 114560K, reserved 1179648K
  class space    used 15391K, committed 16512K, reserved 1048576K
}
Event: 401.951 GC heap after
{Heap after GC invocations=47 (full 0):
 garbage-first heap   total 206848K, used 140612K [0x0000000080000000, 0x0000000100000000)
  region size 1024K, 6 young (6144K), 6 survivors (6144K)
 Metaspace       used 112314K, committed 114560K, reserved 1179648K
  class space    used 15391K, committed 16512K, reserved 1048576K
}
Event: 402.362 GC heap before
{Heap before GC invocations=48 (full 0):
 garbage-first heap   total 239616K, used 201028K [0x0000000080000000, 0x0000000100000000)
  region size 1024K, 51 young (52224K), 6 survivors (6144K)
 Metaspace       used 115732K, committed 118144K, reserved 1179648K
  class space    used 15835K, committed 17024K, reserved 1048576K
}
Event: 402.370 GC heap after
{Heap after GC invocations=49 (full 0):
 garbage-first heap   total 239616K, used 162669K [0x0000000080000000, 0x0000000100000000)
  region size 1024K, 7 young (7168K), 7 survivors (7168K)
 Metaspace       used 115732K, committed 118144K, reserved 1179648K
  class space    used 15835K, committed 17024K, reserved 1048576K
}
Event: 402.608 GC heap before
{Heap before GC invocations=49 (full 0):
 garbage-first heap   total 239616K, used 216941K [0x0000000080000000, 0x0000000100000000)
  region size 1024K, 61 young (62464K), 7 survivors (7168K)
 Metaspace       used 115732K, committed 118144K, reserved 1179648K
  class space    used 15835K, committed 17024K, reserved 1048576K
}
Event: 402.623 GC heap after
{Heap after GC invocations=50 (full 0):
 garbage-first heap   total 239616K, used 161741K [0x0000000080000000, 0x0000000100000000)
  region size 1024K, 4 young (4096K), 4 survivors (4096K)
 Metaspace       used 115732K, committed 118144K, reserved 1179648K
  class space    used 15835K, committed 17024K, reserved 1048576K
}
Event: 402.875 GC heap before
{Heap before GC invocations=50 (full 0):
 garbage-first heap   total 239616K, used 218061K [0x0000000080000000, 0x0000000100000000)
  region size 1024K, 59 young (60416K), 4 survivors (4096K)
 Metaspace       used 115732K, committed 118144K, reserved 1179648K
  class space    used 15835K, committed 17024K, reserved 1048576K
}
Event: 402.880 GC heap after
{Heap after GC invocations=51 (full 0):
 garbage-first heap   total 239616K, used 163816K [0x0000000080000000, 0x0000000100000000)
  region size 1024K, 6 young (6144K), 6 survivors (6144K)
 Metaspace       used 115732K, committed 118144K, reserved 1179648K
  class space    used 15835K, committed 17024K, reserved 1048576K
}

