# JRE version: OpenJDK Runtime Environment (21.0.6) (build 21.0.6+-13368085-b895.109)
# Java VM: OpenJDK 64-Bit Server VM (21.0.6+-13368085-b895.109, mixed mode, tiered, compressed oops, compressed class ptrs, g1 gc, windows-amd64)
GC Precious Log:
 CardTable entry size: 512
 Card Set container configuration: InlinePtr #cards 5 size 8 Array Of Cards #cards 12 size 40 Howl #buckets 4 coarsen threshold 1843 Howl Bitmap #cards 512 size 80 coarsen threshold 460 Card regions per heap region 1 cards per card region 2048
 CPUs: 8 total, 8 available
 Memory: 13968M
 Large Page Support: Disabled
 NUMA Support: Disabled
 Compressed Oops: Enabled (32-bit)
 Heap Region Size: 1M
 Heap Min Capacity: 8M
 Heap Initial Capacity: 220M
 Heap Max Capacity: 2G
 Pre-touch: Disabled
 Parallel Workers: 8
 Concurrent Workers: 2
 Concurrent Refinement Workers: 8
 Periodic GC: Disabled
Heap:
 garbage-first heap   total 232448K, used 139570K [0x0000000080000000, 0x0000000100000000)
  region size 1024K, 7 young (7168K), 7 survivors (7168K)
 Metaspace       used 102278K, committed 104448K, reserved 1179648K
  class space    used 13955K, committed 15040K, reserved 1048576K
GC Heap History (20 events):
Event: 6.871 GC heap after
{Heap after GC invocations=29 (full 0):
 garbage-first heap   total 186368K, used 98279K [0x0000000080000000, 0x0000000100000000)
  region size 1024K, 1 young (1024K), 1 survivors (1024K)
 Metaspace       used 74245K, committed 76096K, reserved 1114112K
  class space    used 10032K, committed 10944K, reserved 1048576K
}
Event: 7.392 GC heap before
{Heap before GC invocations=29 (full 0):
 garbage-first heap   total 186368K, used 163815K [0x0000000080000000, 0x0000000100000000)
  region size 1024K, 65 young (66560K), 1 survivors (1024K)
 Metaspace       used 80630K, committed 82496K, reserved 1179648K
  class space    used 10852K, committed 11776K, reserved 1048576K
}
Event: 7.394 GC heap after
{Heap after GC invocations=30 (full 0):
 garbage-first heap   total 186368K, used 101257K [0x0000000080000000, 0x0000000100000000)
  region size 1024K, 3 young (3072K), 3 survivors (3072K)
 Metaspace       used 80630K, committed 82496K, reserved 1179648K
  class space    used 10852K, committed 11776K, reserved 1048576K
}
Event: 7.545 GC heap before
{Heap before GC invocations=30 (full 0):
 garbage-first heap   total 186368K, used 113545K [0x0000000080000000, 0x0000000100000000)
  region size 1024K, 17 young (17408K), 3 survivors (3072K)
 Metaspace       used 82584K, committed 84544K, reserved 1179648K
  class space    used 11098K, committed 12032K, reserved 1048576K
}
Event: 7.548 GC heap after
{Heap after GC invocations=31 (full 0):
 garbage-first heap   total 186368K, used 103190K [0x0000000080000000, 0x0000000100000000)
  region size 1024K, 5 young (5120K), 5 survivors (5120K)
 Metaspace       used 82584K, committed 84544K, reserved 1179648K
  class space    used 11098K, committed 12032K, reserved 1048576K
}
Event: 7.999 GC heap before
{Heap before GC invocations=32 (full 0):
 garbage-first heap   total 186368K, used 173846K [0x0000000080000000, 0x0000000100000000)
  region size 1024K, 69 young (70656K), 5 survivors (5120K)
 Metaspace       used 86607K, committed 88576K, reserved 1179648K
  class space    used 11617K, committed 12608K, reserved 1048576K
}
Event: 8.005 GC heap after
{Heap after GC invocations=33 (full 0):
 garbage-first heap   total 186368K, used 108730K [0x0000000080000000, 0x0000000100000000)
  region size 1024K, 9 young (9216K), 9 survivors (9216K)
 Metaspace       used 86607K, committed 88576K, reserved 1179648K
  class space    used 11617K, committed 12608K, reserved 1048576K
}
Event: 8.403 GC heap before
{Heap before GC invocations=33 (full 0):
 garbage-first heap   total 186368K, used 166074K [0x0000000080000000, 0x0000000100000000)
  region size 1024K, 65 young (66560K), 9 survivors (9216K)
 Metaspace       used 89998K, committed 91968K, reserved 1179648K
  class space    used 12075K, committed 13056K, reserved 1048576K
}
Event: 8.411 GC heap after
{Heap after GC invocations=34 (full 0):
 garbage-first heap   total 186368K, used 112609K [0x0000000080000000, 0x0000000100000000)
  region size 1024K, 5 young (5120K), 5 survivors (5120K)
 Metaspace       used 89998K, committed 91968K, reserved 1179648K
  class space    used 12075K, committed 13056K, reserved 1048576K
}
Event: 8.518 GC heap before
{Heap before GC invocations=34 (full 0):
 garbage-first heap   total 186368K, used 123873K [0x0000000080000000, 0x0000000100000000)
  region size 1024K, 17 young (17408K), 5 survivors (5120K)
 Metaspace       used 90851K, committed 92864K, reserved 1179648K
  class space    used 12199K, committed 13184K, reserved 1048576K
}
Event: 8.521 GC heap after
{Heap after GC invocations=35 (full 0):
 garbage-first heap   total 186368K, used 113829K [0x0000000080000000, 0x0000000100000000)
  region size 1024K, 2 young (2048K), 2 survivors (2048K)
 Metaspace       used 90851K, committed 92864K, reserved 1179648K
  class space    used 12199K, committed 13184K, reserved 1048576K
}
Event: 9.053 GC heap before
{Heap before GC invocations=36 (full 0):
 garbage-first heap   total 193536K, used 173221K [0x0000000080000000, 0x0000000100000000)
  region size 1024K, 59 young (60416K), 2 survivors (2048K)
 Metaspace       used 95449K, committed 97472K, reserved 1179648K
  class space    used 12977K, committed 13952K, reserved 1048576K
}
Event: 9.057 GC heap after
{Heap after GC invocations=37 (full 0):
 garbage-first heap   total 193536K, used 115525K [0x0000000080000000, 0x0000000100000000)
  region size 1024K, 3 young (3072K), 3 survivors (3072K)
 Metaspace       used 95449K, committed 97472K, reserved 1179648K
  class space    used 12977K, committed 13952K, reserved 1048576K
}
Event: 9.665 GC heap before
{Heap before GC invocations=37 (full 0):
 garbage-first heap   total 193536K, used 192325K [0x0000000080000000, 0x0000000100000000)
  region size 1024K, 64 young (65536K), 3 survivors (3072K)
 Metaspace       used 102276K, committed 104448K, reserved 1179648K
  class space    used 13955K, committed 15040K, reserved 1048576K
}
Event: 9.670 GC heap after
{Heap after GC invocations=38 (full 0):
 garbage-first heap   total 204800K, used 135566K [0x0000000080000000, 0x0000000100000000)
  region size 1024K, 9 young (9216K), 9 survivors (9216K)
 Metaspace       used 102276K, committed 104448K, reserved 1179648K
  class space    used 13955K, committed 15040K, reserved 1048576K
}
Event: 9.935 GC heap before
{Heap before GC invocations=38 (full 0):
 garbage-first heap   total 204800K, used 184718K [0x0000000080000000, 0x0000000100000000)
  region size 1024K, 57 young (58368K), 9 survivors (9216K)
 Metaspace       used 102278K, committed 104448K, reserved 1179648K
  class space    used 13955K, committed 15040K, reserved 1048576K
}
Event: 9.941 GC heap after
{Heap after GC invocations=39 (full 0):
 garbage-first heap   total 204800K, used 138573K [0x0000000080000000, 0x0000000100000000)
  region size 1024K, 4 young (4096K), 4 survivors (4096K)
 Metaspace       used 102278K, committed 104448K, reserved 1179648K
  class space    used 13955K, committed 15040K, reserved 1048576K
}
Event: 10.173 GC heap before
{Heap before GC invocations=40 (full 0):
 garbage-first heap   total 232448K, used 187725K [0x0000000080000000, 0x0000000100000000)
  region size 1024K, 52 young (53248K), 4 survivors (4096K)
 Metaspace       used 102278K, committed 104448K, reserved 1179648K
  class space    used 13955K, committed 15040K, reserved 1048576K
}
Event: 10.178 GC heap after
{Heap after GC invocations=41 (full 0):
 garbage-first heap   total 232448K, used 140154K [0x0000000080000000, 0x0000000100000000)
  region size 1024K, 5 young (5120K), 5 survivors (5120K)
 Metaspace       used 102278K, committed 104448K, reserved 1179648K
  class space    used 13955K, committed 15040K, reserved 1048576K
}
Event: 10.402 GC heap before
{Heap before GC invocations=41 (full 0):
 garbage-first heap   total 232448K, used 211834K [0x0000000080000000, 0x0000000100000000)
  region size 1024K, 75 young (76800K), 5 survivors (5120K)
 Metaspace       used 102278K, committed 104448K, reserved 1179648K
  class space    used 13955K, committed 15040K, reserved 1048576K
}

